2024-11-05 18:55:00.940 [info] Added views:outline in workbench.view.explorer
2024-11-05 18:55:00.940 [info] Added views:workbench.view.search in workbench.view.search
2024-11-05 18:55:00.940 [info] Added views:workbench.scm in workbench.view.scm
2024-11-05 18:55:00.940 [info] Added views:workbench.panel.markers.view in workbench.panel.markers
2024-11-05 18:55:00.940 [info] Added views:workbench.panel.output in workbench.panel.output
2024-11-05 18:55:00.940 [info] Added views:terminal in terminal
2024-11-05 18:55:00.940 [info] Added views:timeline in workbench.view.explorer
2024-11-05 18:55:00.940 [info] Added views:workbench.explorer.emptyView in workbench.view.explorer
2024-11-05 18:55:01.247 [info] Added views:workbench.debug.variablesView,workbench.debug.watchExpressionsView,workbench.debug.callStackView,workbench.debug.breakPointsView in workbench.view.debug
2024-11-05 18:55:01.293 [info] Added views:~remote.forwardedPorts in ~remote.forwardedPortsContainer
2024-11-05 18:55:01.536 [info] Added views:workbench.panel.repl.view in workbench.panel.repl
2024-11-05 18:55:01.540 [info] Removed views:workbench.debug.breakPointsView,workbench.debug.callStackView,workbench.debug.watchExpressionsView,workbench.debug.variablesView from workbench.view.debug
2024-11-05 18:55:01.541 [info] Added views:workbench.debug.welcome in workbench.view.debug
2024-11-05 19:12:39.927 [info] Added views:outline in workbench.view.explorer
2024-11-05 19:12:39.927 [info] Added views:workbench.view.search in workbench.view.search
2024-11-05 19:12:39.927 [info] Added views:workbench.scm in workbench.view.scm
2024-11-05 19:12:39.927 [info] Added views:workbench.panel.markers.view in workbench.panel.markers
2024-11-05 19:12:39.927 [info] Added views:workbench.panel.output in workbench.panel.output
2024-11-05 19:12:39.927 [info] Added views:terminal in terminal
2024-11-05 19:12:39.927 [info] Added views:timeline in workbench.view.explorer
2024-11-05 19:12:39.927 [info] Added views:workbench.explorer.fileView in workbench.view.explorer
2024-11-05 19:12:40.339 [info] Added views:workbench.debug.variablesView,workbench.debug.watchExpressionsView,workbench.debug.callStackView,workbench.debug.breakPointsView in workbench.view.debug
2024-11-05 19:12:40.452 [info] Added views:workbench.panel.repl.view in workbench.panel.repl
2024-11-05 19:12:40.452 [info] Removed views:workbench.debug.breakPointsView,workbench.debug.callStackView,workbench.debug.watchExpressionsView,workbench.debug.variablesView from workbench.view.debug
2024-11-05 19:12:40.455 [info] Added views:workbench.debug.welcome in workbench.view.debug
2024-11-05 19:12:40.466 [info] Added views:~remote.forwardedPorts in ~remote.forwardedPortsContainer
2024-11-05 19:14:55.886 [info] Added views:workbench.scm.history in workbench.view.scm
